<?xml version="1.0" encoding="UTF-8"?>
<testng-results skipped="0" failed="1" ignored="0" total="4" passed="3">
  <reporter-output>
  </reporter-output>
  <suite name="Default suite" duration-ms="31" started-at="2017-10-18T01:18:36Z" finished-at="2017-10-18T01:18:36Z">
    <groups>
      <group name="Regression">
        <method signature="Tarea2Test.Test1(int, int)[pri:0, instance:com.tae.training.Tarea2Test@6767c1fc]" name="Test1" class="com.tae.training.Tarea2Test"/>
        <method signature="Tarea2Test.Test2([[Ljava.util.ArrayList;)[pri:0, instance:com.tae.training.Tarea2Test@6767c1fc]" name="Test2" class="com.tae.training.Tarea2Test"/>
      </group> <!-- Regression -->
      <group name="Smoke">
        <method signature="Tarea2Test.Test1(int, int)[pri:0, instance:com.tae.training.Tarea2Test@6767c1fc]" name="Test1" class="com.tae.training.Tarea2Test"/>
        <method signature="Tarea2Test.Test2([[Ljava.util.ArrayList;)[pri:0, instance:com.tae.training.Tarea2Test@6767c1fc]" name="Test2" class="com.tae.training.Tarea2Test"/>
      </group> <!-- Smoke -->
    </groups>
    <test name="Default test" duration-ms="31" started-at="2017-10-18T01:18:36Z" finished-at="2017-10-18T01:18:36Z">
      <class name="com.tae.training.Tarea2Test">
        <test-method status="PASS" signature="beforeSuite()[pri:0, instance:com.tae.training.Tarea2Test@6767c1fc]" name="beforeSuite" is-config="true" duration-ms="8" started-at="2017-10-17T20:18:36Z" finished-at="2017-10-17T20:18:36Z">
          <reporter-output>
          </reporter-output>
        </test-method> <!-- beforeSuite -->
        <test-method status="PASS" signature="beforeTest()[pri:0, instance:com.tae.training.Tarea2Test@6767c1fc]" name="beforeTest" is-config="true" duration-ms="0" started-at="2017-10-17T20:18:36Z" finished-at="2017-10-17T20:18:36Z">
          <reporter-output>
          </reporter-output>
        </test-method> <!-- beforeTest -->
        <test-method status="PASS" signature="beforeClass()[pri:0, instance:com.tae.training.Tarea2Test@6767c1fc]" name="beforeClass" is-config="true" duration-ms="1" started-at="2017-10-17T20:18:36Z" finished-at="2017-10-17T20:18:36Z">
          <reporter-output>
          </reporter-output>
        </test-method> <!-- beforeClass -->
        <test-method status="PASS" signature="Test1(int, int)[pri:0, instance:com.tae.training.Tarea2Test@6767c1fc]" name="Test1" duration-ms="4" started-at="2017-10-17T20:18:36Z" data-provider="numbers" finished-at="2017-10-17T20:18:36Z">
          <params>
            <param index="0">
              <value>
                <![CDATA[4]]>
              </value>
            </param>
            <param index="1">
              <value>
                <![CDATA[7]]>
              </value>
            </param>
          </params>
          <reporter-output>
          </reporter-output>
        </test-method> <!-- Test1 -->
        <test-method status="PASS" signature="beforeMethod()[pri:0, instance:com.tae.training.Tarea2Test@6767c1fc]" name="beforeMethod" is-config="true" duration-ms="0" started-at="2017-10-17T20:18:36Z" finished-at="2017-10-17T20:18:36Z">
          <reporter-output>
          </reporter-output>
        </test-method> <!-- beforeMethod -->
        <test-method status="PASS" signature="afterMethod()[pri:0, instance:com.tae.training.Tarea2Test@6767c1fc]" name="afterMethod" is-config="true" duration-ms="1" started-at="2017-10-17T20:18:36Z" finished-at="2017-10-17T20:18:36Z">
          <reporter-output>
          </reporter-output>
        </test-method> <!-- afterMethod -->
        <test-method status="PASS" signature="beforeMethod()[pri:0, instance:com.tae.training.Tarea2Test@6767c1fc]" name="beforeMethod" is-config="true" duration-ms="0" started-at="2017-10-17T20:18:36Z" finished-at="2017-10-17T20:18:36Z">
          <reporter-output>
          </reporter-output>
        </test-method> <!-- beforeMethod -->
        <test-method status="PASS" signature="Test1(int, int)[pri:0, instance:com.tae.training.Tarea2Test@6767c1fc]" name="Test1" duration-ms="1" started-at="2017-10-17T20:18:36Z" data-provider="numbers" finished-at="2017-10-17T20:18:36Z">
          <params>
            <param index="0">
              <value>
                <![CDATA[6]]>
              </value>
            </param>
            <param index="1">
              <value>
                <![CDATA[25]]>
              </value>
            </param>
          </params>
          <reporter-output>
          </reporter-output>
        </test-method> <!-- Test1 -->
        <test-method status="PASS" signature="afterMethod()[pri:0, instance:com.tae.training.Tarea2Test@6767c1fc]" name="afterMethod" is-config="true" duration-ms="0" started-at="2017-10-17T20:18:36Z" finished-at="2017-10-17T20:18:36Z">
          <reporter-output>
          </reporter-output>
        </test-method> <!-- afterMethod -->
        <test-method status="PASS" signature="Test1(int, int)[pri:0, instance:com.tae.training.Tarea2Test@6767c1fc]" name="Test1" duration-ms="1" started-at="2017-10-17T20:18:36Z" data-provider="numbers" finished-at="2017-10-17T20:18:36Z">
          <params>
            <param index="0">
              <value>
                <![CDATA[12]]>
              </value>
            </param>
            <param index="1">
              <value>
                <![CDATA[8]]>
              </value>
            </param>
          </params>
          <reporter-output>
          </reporter-output>
        </test-method> <!-- Test1 -->
        <test-method status="PASS" signature="beforeMethod()[pri:0, instance:com.tae.training.Tarea2Test@6767c1fc]" name="beforeMethod" is-config="true" duration-ms="0" started-at="2017-10-17T20:18:36Z" finished-at="2017-10-17T20:18:36Z">
          <reporter-output>
          </reporter-output>
        </test-method> <!-- beforeMethod -->
        <test-method status="PASS" signature="afterMethod()[pri:0, instance:com.tae.training.Tarea2Test@6767c1fc]" name="afterMethod" is-config="true" duration-ms="0" started-at="2017-10-17T20:18:36Z" finished-at="2017-10-17T20:18:36Z">
          <reporter-output>
          </reporter-output>
        </test-method> <!-- afterMethod -->
        <test-method status="FAIL" signature="Test2([[Ljava.util.ArrayList;)[pri:0, instance:com.tae.training.Tarea2Test@6767c1fc]" name="Test2" duration-ms="0" started-at="2017-10-17T20:18:36Z" data-provider="words" finished-at="2017-10-17T20:18:36Z">
          <exception class="org.testng.TestNGException">
            <message>
              <![CDATA[
Some DataProvider private java.lang.Object[][] com.tae.training.Tarea2Test.getWords(java.util.ArrayList[][]) parameters unresolved:  at 0 type class [[Ljava.util.ArrayList;
]]>
            </message>
            <full-stacktrace>
              <![CDATA[org.testng.TestNGException: 
Some DataProvider private java.lang.Object[][] com.tae.training.Tarea2Test.getWords(java.util.ArrayList[][]) parameters unresolved:  at 0 type class [[Ljava.util.ArrayList;

	at org.testng.internal.MethodInvocationHelper.getParameters(MethodInvocationHelper.java:176)
	at org.testng.internal.MethodInvocationHelper.invokeDataProvider(MethodInvocationHelper.java:114)
	at org.testng.internal.Parameters.handleParameters(Parameters.java:509)
	at org.testng.internal.Invoker.handleParameters(Invoker.java:1308)
	at org.testng.internal.Invoker.createParameters(Invoker.java:1036)
	at org.testng.internal.Invoker.invokeTestMethods(Invoker.java:1126)
	at org.testng.internal.TestMethodWorker.invokeTestMethods(TestMethodWorker.java:126)
	at org.testng.internal.TestMethodWorker.run(TestMethodWorker.java:109)
	at org.testng.TestRunner.privateRun(TestRunner.java:744)
	at org.testng.TestRunner.run(TestRunner.java:602)
	at org.testng.SuiteRunner.runTest(SuiteRunner.java:380)
	at org.testng.SuiteRunner.runSequentially(SuiteRunner.java:375)
	at org.testng.SuiteRunner.privateRun(SuiteRunner.java:340)
	at org.testng.SuiteRunner.run(SuiteRunner.java:289)
	at org.testng.SuiteRunnerWorker.runSuite(SuiteRunnerWorker.java:52)
	at org.testng.SuiteRunnerWorker.run(SuiteRunnerWorker.java:86)
	at org.testng.TestNG.runSuitesSequentially(TestNG.java:1301)
	at org.testng.TestNG.runSuitesLocally(TestNG.java:1226)
	at org.testng.TestNG.runSuites(TestNG.java:1144)
	at org.testng.TestNG.run(TestNG.java:1115)
	at org.testng.remote.AbstractRemoteTestNG.run(AbstractRemoteTestNG.java:132)
	at org.testng.remote.RemoteTestNG.initAndRun(RemoteTestNG.java:230)
	at org.testng.remote.RemoteTestNG.main(RemoteTestNG.java:76)
]]>
            </full-stacktrace>
          </exception> <!-- org.testng.TestNGException -->
          <reporter-output>
          </reporter-output>
        </test-method> <!-- Test2 -->
        <test-method status="PASS" signature="afterClass()[pri:0, instance:com.tae.training.Tarea2Test@6767c1fc]" name="afterClass" is-config="true" duration-ms="0" started-at="2017-10-17T20:18:36Z" finished-at="2017-10-17T20:18:36Z">
          <reporter-output>
          </reporter-output>
        </test-method> <!-- afterClass -->
        <test-method status="PASS" signature="afterTest()[pri:0, instance:com.tae.training.Tarea2Test@6767c1fc]" name="afterTest" is-config="true" duration-ms="0" started-at="2017-10-17T20:18:36Z" finished-at="2017-10-17T20:18:36Z">
          <reporter-output>
          </reporter-output>
        </test-method> <!-- afterTest -->
        <test-method status="PASS" signature="afterSuite()[pri:0, instance:com.tae.training.Tarea2Test@6767c1fc]" name="afterSuite" is-config="true" duration-ms="0" started-at="2017-10-17T20:18:36Z" finished-at="2017-10-17T20:18:36Z">
          <reporter-output>
          </reporter-output>
        </test-method> <!-- afterSuite -->
      </class> <!-- com.tae.training.Tarea2Test -->
    </test> <!-- Default test -->
  </suite> <!-- Default suite -->
</testng-results>
