<?xml version="1.0" encoding="UTF-8"?>
<!-- Generated by org.testng.reporters.JUnitXMLReporter -->
<testsuite hostname="CO-IT00600" ignored="0" name="My first test" tests="1" failures="1" timestamp="18 nov 2017 02:22:42 GMT" time="3.331" errors="0">
  <testcase name="testSearchFlight" time="3.316" classname="com.tae.training.tests.TestTravelocity">
    <failure type="java.lang.AssertionError" message="expected [Select your departure to Los Angeles] but found [Proxy element for: DefaultElementLocator &amp;apos;By.xpath: //span[@class=&amp;apos;title-city-text&amp;apos;]&amp;apos;]">
      <![CDATA[java.lang.AssertionError: expected [Select your departure to Los Angeles] but found [Proxy element for: DefaultElementLocator 'By.xpath: //span[@class='title-city-text']']
	at com.tae.training.tests.TestTravelocity.testSearchFlight(TestTravelocity.java:16)
... Removed 30 stack frames]]>
    </failure>
  </testcase> <!-- testSearchFlight -->
</testsuite> <!-- My first test -->
